\BOOKMARK [0][-]{dummy.1}{\376\377\000D\000e\000c\000l\000a\000r\000a\000t\000i\000o\000n\000\040\000o\000f\000\040\000A\000u\000t\000h\000o\000r\000s\000h\000i\000p}{}% 1
\BOOKMARK [0][-]{dummy.2}{\376\377\000A\000b\000s\000t\000r\000a\000c\000t}{}% 2
\BOOKMARK [0][-]{dummy.3}{\376\377\000A\000c\000k\000n\000o\000w\000l\000e\000d\000g\000e\000m\000e\000n\000t\000s}{}% 3
\BOOKMARK [0][-]{dummy.4}{\376\377\000C\000o\000n\000t\000e\000n\000t\000s}{}% 4
\BOOKMARK [0][-]{dummy.6}{\376\377\000L\000i\000s\000t\000\040\000o\000f\000\040\000F\000i\000g\000u\000r\000e\000s}{}% 5
\BOOKMARK [0][-]{dummy.8}{\376\377\000L\000i\000s\000t\000\040\000o\000f\000\040\000T\000a\000b\000l\000e\000s}{}% 6
\BOOKMARK [0][-]{dummy.10}{\376\377\000A\000b\000b\000r\000e\000v\000i\000a\000t\000i\000o\000n\000s}{}% 7
\BOOKMARK [0][-]{chapter.13}{\376\377\0001\000\040\000P\000r\000o\000b\000l\000e\000m\000\040\000s\000t\000a\000t\000e\000m\000e\000n\000t}{}% 8
\BOOKMARK [1][-]{section.14}{\376\377\0001\000.\0001\000\040\000I\000n\000t\000r\000o\000d\000u\000c\000t\000i\000o\000n}{chapter.13}% 9
\BOOKMARK [1][-]{section.15}{\376\377\0001\000.\0002\000\040\000T\000a\000s\000k}{chapter.13}% 10
\BOOKMARK [1][-]{section.16}{\376\377\0001\000.\0003\000\040\000T\000e\000x\000t\000\040\000e\000x\000t\000r\000a\000c\000t\000i\000o\000n\000\040\000a\000n\000d\000\040\000a\000l\000g\000o\000r\000i\000t\000h\000m\000s}{chapter.13}% 11
\BOOKMARK [2][-]{subsection.17}{\376\377\0001\000.\0003\000.\0001\000\040\000T\000e\000x\000t\000\040\000e\000x\000t\000r\000a\000c\000t\000i\000o\000n}{section.16}% 12
\BOOKMARK [2][-]{subsection.18}{\376\377\0001\000.\0003\000.\0002\000\040\000B\000o\000i\000l\000e\000r\000p\000i\000p\000e}{section.16}% 13
\BOOKMARK [2][-]{subsection.19}{\376\377\0001\000.\0003\000.\0003\000\040\000J\000u\000s\000t\000e\000x\000t}{section.16}% 14
\BOOKMARK [2][-]{subsection.20}{\376\377\0001\000.\0003\000.\0004\000\040\000C\000l\000a\000s\000s\000i\000f\000i\000c\000a\000t\000i\000o\000n}{section.16}% 15
\BOOKMARK [1][-]{section.22}{\376\377\0001\000.\0004\000\040\000C\000o\000n\000c\000l\000u\000s\000i\000o\000n}{chapter.13}% 16
\BOOKMARK [0][-]{chapter.23}{\376\377\0002\000\040\000A\000p\000p\000r\000o\000a\000c\000h}{}% 17
\BOOKMARK [1][-]{section.24}{\376\377\0002\000.\0001\000\040\000P\000l\000a\000n\000n\000i\000n\000g}{chapter.23}% 18
\BOOKMARK [1][-]{section.25}{\376\377\0002\000.\0002\000\040\000R\000e\000q\000u\000i\000r\000e\000m\000e\000n\000t\000\040\000E\000n\000g\000i\000n\000e\000e\000r\000i\000n\000g}{chapter.23}% 19
\BOOKMARK [1][-]{section.26}{\376\377\0002\000.\0003\000\040\000K\000n\000o\000w\000l\000e\000d\000g\000e}{chapter.23}% 20
\BOOKMARK [1][-]{section.27}{\376\377\0002\000.\0004\000\040\000P\000r\000o\000g\000r\000a\000m\000m\000i\000n\000g}{chapter.23}% 21
\BOOKMARK [0][-]{chapter.28}{\376\377\0003\000\040\000R\000e\000s\000u\000l\000t\000s}{}% 22
\BOOKMARK [1][-]{section.29}{\376\377\0003\000.\0001\000\040\000M\000a\000i\000n\000\040\000S\000e\000c\000t\000i\000o\000n\000\040\0001}{chapter.28}% 23
\BOOKMARK [0][-]{chapter.30}{\376\377\0004\000\040\000L\000e\000s\000s\000o\000n\000\040\000l\000e\000a\000r\000n\000e\000d}{}% 24
\BOOKMARK [1][-]{section.31}{\376\377\0004\000.\0001\000\040\000M\000a\000i\000n\000\040\000S\000e\000c\000t\000i\000o\000n\000\040\0001}{chapter.30}% 25
\BOOKMARK [0][-]{chapter.32}{\376\377\0005\000\040\000F\000u\000r\000t\000h\000e\000r\000\040\000w\000o\000r\000k}{}% 26
\BOOKMARK [1][-]{section.33}{\376\377\0005\000.\0001\000\040\000M\000a\000i\000n\000\040\000S\000e\000c\000t\000i\000o\000n\000\040\0001}{chapter.32}% 27
\BOOKMARK [0][-]{appendix.34}{\376\377\000A\000\040\000P\000l\000a\000n\000n\000i\000n\000g}{}% 28
\BOOKMARK [1][-]{section.35}{\376\377\000A\000.\0001\000\040\000V\000e\000r\000s\000i\000o\000n}{appendix.34}% 29
\BOOKMARK [1][-]{section.36}{\376\377\000A\000.\0002\000\040\000P\000l\000a\000n\000n\000i\000n\000g\000\040\000c\000o\000n\000c\000e\000p\000t}{appendix.34}% 30
\BOOKMARK [1][-]{section.37}{\376\377\000A\000.\0003\000\040\000M\000i\000l\000e\000s\000t\000o\000n\000e\000s\000\040\000o\000v\000e\000r\000v\000i\000e\000w}{appendix.34}% 31
\BOOKMARK [1][-]{section.38}{\376\377\000A\000.\0004\000\040\000D\000e\000l\000i\000v\000e\000r\000y\000\040\000o\000b\000j\000e\000c\000t\000s}{appendix.34}% 32
\BOOKMARK [1][-]{section.39}{\376\377\000A\000.\0005\000\040\000M\000i\000l\000e\000s\000t\000o\000n\000e\000\040\000o\000n\000e\000\040\000-\000\040\000m\0001}{appendix.34}% 33
\BOOKMARK [2][-]{subsection.40}{\376\377\000A\000.\0005\000.\0001\000\040\000S\000t\000o\000r\000i\000e\000s\000\040\000m\0001}{section.39}% 34
\BOOKMARK [1][-]{section.41}{\376\377\000A\000.\0006\000\040\000M\000i\000l\000e\000s\000t\000o\000n\000e\000\040\000t\000w\000o\000\040\000-\000\040\000m\0002}{appendix.34}% 35
\BOOKMARK [2][-]{subsection.42}{\376\377\000A\000.\0006\000.\0001\000\040\000S\000t\000o\000r\000i\000e\000s\000\040\000m\0002}{section.41}% 36
\BOOKMARK [1][-]{section.43}{\376\377\000A\000.\0007\000\040\000M\000i\000l\000e\000s\000t\000o\000n\000e\000\040\000t\000h\000r\000e\000e\000\040\000-\000\040\000m\0003}{appendix.34}% 37
\BOOKMARK [2][-]{subsection.44}{\376\377\000A\000.\0007\000.\0001\000\040\000S\000t\000o\000r\000i\000e\000s\000\040\000m\0003}{section.43}% 38
\BOOKMARK [1][-]{section.45}{\376\377\000A\000.\0008\000\040\000M\000i\000l\000e\000s\000t\000o\000n\000e\000\040\000f\000o\000u\000r\000\040\000-\000\040\000m\0004}{appendix.34}% 39
\BOOKMARK [2][-]{subsection.46}{\376\377\000A\000.\0008\000.\0001\000\040\000S\000t\000o\000r\000i\000e\000s\000\040\000m\0004}{section.45}% 40
\BOOKMARK [1][-]{section.47}{\376\377\000A\000.\0009\000\040\000M\000i\000l\000e\000s\000t\000o\000n\000e\000\040\000f\000i\000v\000e\000\040\000-\000\040\000m\0005}{appendix.34}% 41
\BOOKMARK [2][-]{subsection.48}{\376\377\000A\000.\0009\000.\0001\000\040\000S\000t\000o\000r\000i\000e\000s\000\040\000m\0005}{section.47}% 42
\BOOKMARK [0][-]{appendix.49}{\376\377\000B\000\040\000R\000i\000s\000k\000\040\000A\000n\000a\000l\000y\000s\000i\000s}{}% 43
\BOOKMARK [1][-]{section.50}{\376\377\000B\000.\0001\000\040\000V\000e\000r\000s\000i\000o\000n}{appendix.49}% 44
\BOOKMARK [1][-]{section.51}{\376\377\000B\000.\0002\000\040\000I\000n\000t\000r\000o\000d\000u\000c\000t\000i\000o\000n}{appendix.49}% 45
\BOOKMARK [2][-]{subsection.52}{\376\377\000B\000.\0002\000.\0001\000\040\000P\000u\000r\000p\000o\000s\000e}{section.51}% 46
\BOOKMARK [1][-]{section.53}{\376\377\000B\000.\0003\000\040\000R\000i\000s\000k\000\040\000e\000v\000a\000l\000u\000a\000t\000i\000o\000n}{appendix.49}% 47
\BOOKMARK [2][-]{subsection.54}{\376\377\000B\000.\0003\000.\0001\000\040\000U\000n\000c\000l\000e\000a\000r\000\040\000r\000e\000q\000u\000i\000r\000e\000m\000e\000n\000t\000s}{section.53}% 48
\BOOKMARK [2][-]{subsection.55}{\376\377\000B\000.\0003\000.\0002\000\040\000N\000e\000w\000\040\000t\000e\000c\000h\000n\000o\000l\000o\000g\000i\000e\000s}{section.53}% 49
\BOOKMARK [2][-]{subsection.56}{\376\377\000B\000.\0003\000.\0003\000\040\000I\000n\000t\000e\000g\000r\000a\000t\000i\000o\000n\000\040\000B\000o\000i\000l\000e\000r\000p\000i\000p\000e}{section.53}% 50
\BOOKMARK [2][-]{subsection.57}{\376\377\000B\000.\0003\000.\0004\000\040\000I\000n\000t\000e\000g\000r\000a\000t\000i\000o\000n\000\040\000J\000u\000s\000t\000e\000x\000t}{section.53}% 51
\BOOKMARK [2][-]{subsection.58}{\376\377\000B\000.\0003\000.\0005\000\040\000I\000m\000p\000l\000e\000m\000e\000n\000t\000a\000t\000i\000o\000n\000\040\000R\000S\000S\000\040\000a\000l\000g\000o\000r\000i\000t\000h\000m}{section.53}% 52
\BOOKMARK [1][-]{section.59}{\376\377\000B\000.\0004\000\040\000A\000s\000s\000e\000s\000s\000m\000e\000n\000t\000\040\000o\000f\000\040\000r\000i\000s\000k\000s}{appendix.49}% 53
\BOOKMARK [1][-]{section.61}{\376\377\000B\000.\0005\000\040\000C\000o\000n\000s\000e\000q\000u\000e\000n\000c\000e\000s}{appendix.49}% 54
\BOOKMARK [2][-]{subsection.62}{\376\377\000B\000.\0005\000.\0001\000\040\000U\000n\000c\000l\000e\000a\000r\000\040\000r\000e\000q\000u\000i\000r\000e\000m\000e\000n\000t\000s}{section.61}% 55
\BOOKMARK [2][-]{subsection.63}{\376\377\000B\000.\0005\000.\0002\000\040\000N\000e\000w\000\040\000t\000e\000c\000h\000n\000o\000l\000o\000g\000i\000e\000s}{section.61}% 56
\BOOKMARK [2][-]{subsection.64}{\376\377\000B\000.\0005\000.\0003\000\040\000I\000n\000t\000e\000g\000r\000a\000t\000i\000o\000n\000\040\000B\000o\000i\000l\000e\000r\000p\000i\000p\000e}{section.61}% 57
\BOOKMARK [2][-]{subsection.65}{\376\377\000B\000.\0005\000.\0004\000\040\000I\000n\000t\000e\000g\000r\000a\000t\000i\000o\000n\000\040\000J\000u\000s\000t\000e\000x\000t}{section.61}% 58
\BOOKMARK [2][-]{subsection.66}{\376\377\000B\000.\0005\000.\0005\000\040\000I\000m\000p\000l\000e\000m\000e\000n\000t\000a\000t\000i\000o\000n\000\040\000R\000S\000S\000\040\000a\000l\000g\000o\000r\000i\000t\000h\000m}{section.61}% 59
\BOOKMARK [0][-]{appendix.67}{\376\377\000C\000\040\000S\000o\000f\000t\000w\000a\000r\000e\000\040\000R\000e\000q\000u\000i\000r\000e\000m\000e\000n\000t\000\040\000S\000p\000e\000c\000i\000f\000i\000c\000a\000t\000i\000o\000n}{}% 60
\BOOKMARK [1][-]{section.68}{\376\377\000C\000.\0001\000\040\000V\000e\000r\000s\000i\000o\000n}{appendix.67}% 61
\BOOKMARK [1][-]{section.69}{\376\377\000C\000.\0002\000\040\000I\000n\000t\000r\000o\000d\000u\000c\000t\000i\000o\000n}{appendix.67}% 62
\BOOKMARK [2][-]{subsection.70}{\376\377\000C\000.\0002\000.\0001\000\040\000P\000u\000r\000p\000o\000s\000e}{section.69}% 63
\BOOKMARK [2][-]{subsection.71}{\376\377\000C\000.\0002\000.\0002\000\040\000S\000c\000o\000p\000e}{section.69}% 64
\BOOKMARK [1][-]{section.72}{\376\377\000C\000.\0003\000\040\000G\000e\000n\000e\000r\000a\000l\000\040\000d\000e\000s\000c\000r\000i\000p\000t\000i\000o\000n}{appendix.67}% 65
\BOOKMARK [2][-]{subsection.73}{\376\377\000C\000.\0003\000.\0001\000\040\000O\000p\000e\000r\000a\000t\000i\000n\000g\000\040\000E\000n\000v\000i\000r\000o\000n\000m\000e\000n\000t}{section.72}% 66
\BOOKMARK [3][-]{subsubsection.74}{\376\377\000C\000.\0003\000.\0001\000.\0001\000\040\000L\000o\000c\000a\000l\000\040\000e\000n\000v\000i\000r\000o\000n\000m\000e\000n\000t}{subsection.73}% 67
\BOOKMARK [3][-]{subsubsection.75}{\376\377\000C\000.\0003\000.\0001\000.\0002\000\040\000C\000o\000n\000t\000i\000n\000u\000o\000u\000s\000\040\000I\000n\000t\000e\000g\000r\000a\000t\000i\000o\000n\000\040\000E\000n\000v\000i\000r\000o\000n\000m\000e\000n\000t}{subsection.73}% 68
\BOOKMARK [2][-]{subsection.76}{\376\377\000C\000.\0003\000.\0002\000\040\000D\000e\000s\000i\000g\000n\000\040\000a\000n\000d\000\040\000I\000m\000p\000l\000e\000m\000e\000n\000t\000a\000t\000i\000o\000n\000\040\000C\000o\000n\000s\000t\000r\000a\000i\000n\000t\000s}{section.72}% 69
\BOOKMARK [3][-]{subsubsection.77}{\376\377\000C\000.\0003\000.\0002\000.\0001\000\040\000U\000s\000e\000r\000\040\000i\000n\000t\000e\000r\000f\000a\000c\000e}{subsection.76}% 70
\BOOKMARK [1][-]{section.78}{\376\377\000C\000.\0004\000\040\000S\000y\000s\000t\000e\000m\000\040\000F\000e\000a\000t\000u\000r\000e\000s}{appendix.67}% 71
\BOOKMARK [2][-]{subsection.79}{\376\377\000C\000.\0004\000.\0001\000\040\000B\000a\000s\000i\000c\000\040\000f\000u\000n\000c\000t\000i\000o\000n\000a\000l\000i\000t\000y}{section.78}% 72
\BOOKMARK [2][-]{subsection.80}{\376\377\000C\000.\0004\000.\0002\000\040\000O\000v\000e\000r\000v\000i\000e\000w}{section.78}% 73
\BOOKMARK [3][-]{subsubsection.81}{\376\377\000C\000.\0004\000.\0002\000.\0001\000\040\000R\000e\000a\000d\000\040\000c\000o\000n\000f\000i\000g\000u\000r\000a\000t\000i\000o\000n}{subsection.80}% 74
\BOOKMARK [3][-]{subsubsection.86}{\376\377\000C\000.\0004\000.\0002\000.\0002\000\040\000C\000r\000e\000a\000t\000e\000\040\000t\000e\000s\000t}{subsection.80}% 75
\BOOKMARK [3][-]{subsubsection.87}{\376\377\000C\000.\0004\000.\0002\000.\0003\000\040\000I\000n\000t\000e\000g\000r\000a\000t\000i\000o\000n\000\040\000J\000u\000s\000t\000e\000x\000t\000\040\000a\000l\000g\000o\000r\000i\000t\000h\000m}{subsection.80}% 76
\BOOKMARK [3][-]{subsubsection.88}{\376\377\000C\000.\0004\000.\0002\000.\0004\000\040\000I\000n\000t\000e\000g\000r\000a\000t\000i\000o\000n\000\040\000B\000o\000i\000l\000e\000r\000p\000i\000p\000e\000\040\000a\000l\000g\000o\000r\000i\000t\000h\000m}{subsection.80}% 77
\BOOKMARK [3][-]{subsubsection.89}{\376\377\000C\000.\0004\000.\0002\000.\0005\000\040\000E\000v\000a\000l\000u\000a\000t\000i\000o\000n\000\040\000a\000n\000d\000\040\000I\000m\000p\000l\000e\000m\000e\000n\000t\000a\000t\000i\000o\000n\000\040\000R\000S\000S\000\040\000f\000e\000e\000d\000\040\000a\000l\000g\000o\000r\000i\000t\000h\000m}{subsection.80}% 78
\BOOKMARK [3][-]{subsubsection.90}{\376\377\000C\000.\0004\000.\0002\000.\0006\000\040\000E\000v\000a\000l\000u\000a\000t\000i\000o\000n\000\040\000o\000f\000\040\000c\000l\000a\000s\000s\000i\000f\000i\000c\000a\000t\000i\000o\000n\000\040\000t\000e\000x\000t}{subsection.80}% 79
\BOOKMARK [3][-]{subsubsection.91}{\376\377\000C\000.\0004\000.\0002\000.\0007\000\040\000E\000v\000a\000l\000u\000a\000t\000i\000o\000n\000\040\000o\000f\000\040\000c\000l\000a\000s\000s\000i\000f\000i\000c\000a\000t\000i\000o\000n\000\040\000b\000l\000o\000c\000k\000s}{subsection.80}% 80
\BOOKMARK [2][-]{subsection.92}{\376\377\000C\000.\0004\000.\0003\000\040\000A\000n\000a\000l\000y\000z\000e\000\040\000d\000a\000t\000a}{section.78}% 81
\BOOKMARK [2][-]{subsection.93}{\376\377\000C\000.\0004\000.\0004\000\040\000E\000v\000a\000l\000u\000a\000t\000i\000o\000n\000\040\000o\000f\000\040\000c\000l\000a\000s\000s\000i\000f\000i\000c\000a\000t\000i\000o\000n}{section.78}% 82
\BOOKMARK [2][-]{subsection.97}{\376\377\000C\000.\0004\000.\0005\000\040\000A\000n\000a\000l\000y\000t\000i\000c\000a\000l\000\040\000v\000a\000l\000u\000e\000s}{section.78}% 83
\BOOKMARK [1][-]{section.102}{\376\377\000C\000.\0005\000\040\000E\000x\000t\000e\000r\000n\000a\000l\000\040\000I\000n\000t\000e\000r\000f\000a\000c\000e\000\040\000R\000e\000q\000u\000i\000r\000e\000m\000e\000n\000t\000s}{appendix.67}% 84
\BOOKMARK [2][-]{subsection.103}{\376\377\000C\000.\0005\000.\0001\000\040\000B\000o\000i\000l\000e\000r\000p\000i\000p\000e}{section.102}% 85
\BOOKMARK [2][-]{subsection.104}{\376\377\000C\000.\0005\000.\0002\000\040\000j\000u\000s\000t\000e\000x\000t}{section.102}% 86
\BOOKMARK [0][-]{appendix.105}{\376\377\000D\000\040\000S\000o\000f\000t\000w\000a\000r\000e\000\040\000A\000r\000c\000h\000i\000t\000e\000c\000t\000u\000r\000e}{}% 87
\BOOKMARK [1][-]{section.106}{\376\377\000D\000.\0001\000\040\000V\000e\000r\000s\000i\000o\000n}{appendix.105}% 88
\BOOKMARK [1][-]{section.107}{\376\377\000D\000.\0002\000\040\000I\000n\000t\000r\000o\000d\000u\000c\000t\000i\000o\000n}{appendix.105}% 89
\BOOKMARK [1][-]{section.108}{\376\377\000D\000.\0003\000\040\000L\000o\000g\000i\000c\000a\000l\000\040\000v\000i\000e\000w}{appendix.105}% 90
\BOOKMARK [2][-]{subsection.109}{\376\377\000D\000.\0003\000.\0001\000\040\000A\000p\000p\000r\000o\000a\000c\000h}{section.108}% 91
\BOOKMARK [1][-]{section.110}{\376\377\000D\000.\0004\000\040\000D\000a\000t\000a\000\040\000m\000o\000d\000e\000l}{appendix.105}% 92
\BOOKMARK [2][-]{subsection.111}{\376\377\000D\000.\0004\000.\0001\000\040\000T\000e\000s\000t\000C\000a\000s\000e}{section.110}% 93
\BOOKMARK [2][-]{subsection.112}{\376\377\000D\000.\0004\000.\0002\000\040\000H\000t\000m\000l\000F\000i\000l\000e}{section.110}% 94
\BOOKMARK [2][-]{subsection.113}{\376\377\000D\000.\0004\000.\0003\000\040\000C\000o\000n\000t\000e\000n\000t\000F\000i\000l\000e}{section.110}% 95
\BOOKMARK [2][-]{subsection.114}{\376\377\000D\000.\0004\000.\0004\000\040\000E\000x\000c\000t\000r\000a\000c\000t\000e\000d\000C\000o\000n\000t\000e\000n\000t}{section.110}% 96
\BOOKMARK [2][-]{subsection.115}{\376\377\000D\000.\0004\000.\0005\000\040\000R\000e\000s\000u\000l\000t}{section.110}% 97
\BOOKMARK [1][-]{section.116}{\376\377\000D\000.\0005\000\040\000B\000u\000s\000i\000n\000e\000s\000s\000\040\000L\000o\000g\000i\000c}{appendix.105}% 98
\BOOKMARK [2][-]{subsection.117}{\376\377\000D\000.\0005\000.\0001\000\040\000D\000e\000s\000c\000r\000i\000p\000t\000i\000o\000n\000\040\000o\000f\000\040\000s\000i\000n\000g\000l\000e\000\040\000c\000l\000a\000s\000s\000e\000s}{section.116}% 99
\BOOKMARK [1][-]{section.119}{\376\377\000D\000.\0006\000\040\000D\000e\000v\000e\000l\000o\000p\000m\000e\000n\000t\000\040\000v\000i\000e\000w}{appendix.105}% 100
\BOOKMARK [2][-]{subsection.120}{\376\377\000D\000.\0006\000.\0001\000\040\000g\000i\000t}{section.119}% 101
\BOOKMARK [2][-]{subsection.121}{\376\377\000D\000.\0006\000.\0002\000\040\000G\000r\000a\000d\000l\000e}{section.119}% 102
\BOOKMARK [2][-]{subsection.122}{\376\377\000D\000.\0006\000.\0003\000\040\000T\000r\000a\000v\000i\000c\000\040\000C\000I}{section.119}% 103
\BOOKMARK [2][-]{subsection.123}{\376\377\000D\000.\0006\000.\0004\000\040\000J\000u\000s\000t\000e\000x\000t}{section.119}% 104
\BOOKMARK [2][-]{subsection.126}{\376\377\000D\000.\0006\000.\0005\000\040\000B\000o\000i\000l\000e\000r\000p\000i\000p\000e}{section.119}% 105
\BOOKMARK [1][-]{section.127}{\376\377\000D\000.\0007\000\040\000P\000r\000o\000c\000e\000s\000s\000\040\000v\000i\000e\000w}{appendix.105}% 106
\BOOKMARK [1][-]{section.128}{\376\377\000D\000.\0008\000\040\000P\000h\000y\000s\000i\000c\000a\000l\000\040\000v\000i\000e\000w}{appendix.105}% 107
\BOOKMARK [0][-]{appendix.129}{\376\377\000E\000\040\000M\000S\0001\000\040\000m\000e\000e\000t\000i\000n\000g\000\040\000r\000e\000p\000o\000r\000t}{}% 108
\BOOKMARK [1][-]{section.130}{\376\377\000E\000.\0001\000\040\000I\000n\000t\000r\000o\000d\000u\000c\000t\000i\000o\000n}{appendix.129}% 109
\BOOKMARK [1][-]{section.131}{\376\377\000E\000.\0002\000\040\000V\000e\000r\000s\000i\000o\000n}{appendix.129}% 110
\BOOKMARK [1][-]{section.132}{\376\377\000E\000.\0003\000\040\000A\000t\000t\000e\000n\000d\000e\000e\000s}{appendix.129}% 111
\BOOKMARK [1][-]{section.133}{\376\377\000E\000.\0004\000\040\000D\000e\000l\000i\000v\000e\000r\000y\000\040\000o\000b\000j\000e\000c\000t\000s}{appendix.129}% 112
\BOOKMARK [1][-]{section.134}{\376\377\000E\000.\0005\000\040\000D\000e\000c\000i\000s\000i\000o\000n\000s}{appendix.129}% 113
\BOOKMARK [1][-]{section.135}{\376\377\000E\000.\0006\000\040\000R\000e\000w\000o\000r\000k}{appendix.129}% 114
\BOOKMARK [0][-]{appendix.136}{\376\377\000F\000\040\000M\000S\0002\000\040\000m\000e\000e\000t\000i\000n\000g\000\040\000r\000e\000p\000o\000r\000t}{}% 115
\BOOKMARK [1][-]{section.137}{\376\377\000F\000.\0001\000\040\000I\000n\000t\000r\000o\000d\000u\000c\000t\000i\000o\000n}{appendix.136}% 116
\BOOKMARK [1][-]{section.138}{\376\377\000F\000.\0002\000\040\000V\000e\000r\000s\000i\000o\000n}{appendix.136}% 117
\BOOKMARK [1][-]{section.139}{\376\377\000F\000.\0003\000\040\000A\000t\000t\000e\000n\000d\000e\000e\000s}{appendix.136}% 118
\BOOKMARK [1][-]{section.140}{\376\377\000F\000.\0004\000\040\000D\000e\000l\000i\000v\000e\000r\000y\000\040\000o\000b\000j\000e\000c\000t\000s}{appendix.136}% 119
\BOOKMARK [1][-]{section.141}{\376\377\000F\000.\0005\000\040\000D\000e\000c\000i\000s\000i\000o\000n\000s}{appendix.136}% 120
\BOOKMARK [1][-]{section.142}{\376\377\000F\000.\0006\000\040\000R\000e\000w\000o\000r\000k}{appendix.136}% 121
