\BOOKMARK [0][-]{dummy.1}{\376\377\000D\000e\000c\000l\000a\000r\000a\000t\000i\000o\000n\000\040\000o\000f\000\040\000A\000u\000t\000h\000o\000r\000s\000h\000i\000p}{}% 1
\BOOKMARK [0][-]{dummy.2}{\376\377\000A\000b\000s\000t\000r\000a\000c\000t}{}% 2
\BOOKMARK [0][-]{dummy.3}{\376\377\000A\000c\000k\000n\000o\000w\000l\000e\000d\000g\000e\000m\000e\000n\000t\000s}{}% 3
\BOOKMARK [0][-]{dummy.4}{\376\377\000C\000o\000n\000t\000e\000n\000t\000s}{}% 4
\BOOKMARK [0][-]{dummy.6}{\376\377\000L\000i\000s\000t\000\040\000o\000f\000\040\000F\000i\000g\000u\000r\000e\000s}{}% 5
\BOOKMARK [0][-]{dummy.8}{\376\377\000L\000i\000s\000t\000\040\000o\000f\000\040\000T\000a\000b\000l\000e\000s}{}% 6
\BOOKMARK [0][-]{dummy.10}{\376\377\000A\000b\000b\000r\000e\000v\000i\000a\000t\000i\000o\000n\000s}{}% 7
\BOOKMARK [0][-]{dummy.13}{\376\377\000P\000h\000y\000s\000i\000c\000a\000l\000\040\000C\000o\000n\000s\000t\000a\000n\000t\000s}{}% 8
\BOOKMARK [0][-]{dummy.16}{\376\377\000S\000y\000m\000b\000o\000l\000s}{}% 9
\BOOKMARK [0][-]{chapter.19}{\376\377\0001\000\040\000I\000n\000t\000r\000o\000d\000u\000c\000t\000i\000o\000n}{}% 10
\BOOKMARK [1][-]{section.20}{\376\377\0001\000.\0001\000\040\000L\000a\000y\000z\000a\000p\000p}{chapter.19}% 11
\BOOKMARK [1][-]{section.21}{\376\377\0001\000.\0002\000\040\000P\000r\000o\000b\000l\000e\000m}{chapter.19}% 12
\BOOKMARK [0][-]{chapter.22}{\376\377\0002\000\040\000T\000e\000x\000t\000\040\000e\000x\000t\000r\000a\000c\000t\000i\000o\000n\000\040\000a\000l\000g\000o\000r\000i\000t\000h\000m\000s}{}% 13
\BOOKMARK [1][-]{section.23}{\376\377\0002\000.\0001\000\040\000I\000n\000t\000r\000o\000d\000u\000c\000t\000i\000o\000n}{chapter.22}% 14
\BOOKMARK [1][-]{section.24}{\376\377\0002\000.\0002\000\040\000G\000o\000l\000d\000m\000i\000n\000e\000r}{chapter.22}% 15
\BOOKMARK [1][-]{section.25}{\376\377\0002\000.\0003\000\040\000B\000l\000a\000\040\000B\000l\000u\000b}{chapter.22}% 16
\BOOKMARK [0][-]{chapter.26}{\376\377\0003\000\040\000S\000o\000f\000t\000w\000a\000r\000e\000\040\000a\000r\000c\000h\000i\000t\000e\000c\000t\000u\000r\000e}{}% 17
\BOOKMARK [1][-]{section.27}{\376\377\0003\000.\0001\000\040\000I\000n\000t\000r\000o\000d\000u\000c\000t\000i\000o\000n}{chapter.26}% 18
\BOOKMARK [1][-]{section.28}{\376\377\0003\000.\0002\000\040\000l\000k\000j\000d\000s\000a}{chapter.26}% 19
\BOOKMARK [1][-]{section.29}{\376\377\0003\000.\0003\000\040\000B\000l\000a\000\040\000B\000l\000u\000b}{chapter.26}% 20
\BOOKMARK [0][-]{chapter.30}{\376\377\0004\000\040\000T\000e\000s\000t\000\040\000d\000a\000t\000a}{}% 21
\BOOKMARK [1][-]{section.31}{\376\377\0004\000.\0001\000\040\000I\000n\000t\000r\000o\000d\000u\000c\000t\000i\000o\000n}{chapter.30}% 22
\BOOKMARK [1][-]{section.32}{\376\377\0004\000.\0002\000\040\000S\000o\000u\000r\000c\000e}{chapter.30}% 23
\BOOKMARK [1][-]{section.33}{\376\377\0004\000.\0003\000\040\000S\000c\000r\000i\000p\000t}{chapter.30}% 24
\BOOKMARK [1][-]{section.34}{\376\377\0004\000.\0004\000\040\000T\000e\000s\000t\000\040\000p\000r\000o\000c\000e\000d\000u\000r\000e}{chapter.30}% 25
\BOOKMARK [0][-]{chapter.35}{\376\377\0005\000\040\000C\000o\000m\000p\000a\000r\000i\000s\000o\000n\000\040\000a\000l\000g\000o\000r\000i\000t\000h\000m\000s}{}% 26
\BOOKMARK [1][-]{section.36}{\376\377\0005\000.\0001\000\040\000I\000n\000t\000r\000o\000d\000u\000c\000t\000i\000o\000n}{chapter.35}% 27
\BOOKMARK [1][-]{section.37}{\376\377\0005\000.\0002\000\040\000G\000o\000l\000d\000\040\000m\000i\000n\000e\000r}{chapter.35}% 28
\BOOKMARK [1][-]{section.38}{\376\377\0005\000.\0003\000\040\000B\000l\000i\000\040\000b\000l\000a\000\040\000b\000l\000u\000b}{chapter.35}% 29
\BOOKMARK [0][-]{chapter.39}{\376\377\0006\000\040\000C\000o\000n\000c\000l\000u\000s\000i\000o\000n}{}% 30
\BOOKMARK [1][-]{section.40}{\376\377\0006\000.\0001\000\040\000I\000n\000t\000r\000o\000d\000u\000c\000t\000i\000o\000n}{chapter.39}% 31
\BOOKMARK [1][-]{section.41}{\376\377\0006\000.\0002\000\040\000R\000e\000v\000i\000e\000w}{chapter.39}% 32
\BOOKMARK [1][-]{section.42}{\376\377\0006\000.\0003\000\040\000F\000u\000t\000u\000r\000e\000\040\000w\000o\000r\000k}{chapter.39}% 33
\BOOKMARK [0][-]{chapter.43}{\376\377\0007\000\040\000L\000a\000t\000e\000x\000\040\000d\000u\000m\000m\000y\000\040\000s\000t\000u\000f\000f}{}% 34
\BOOKMARK [1][-]{section.44}{\376\377\0007\000.\0001\000\040\000C\000o\000m\000p\000i\000l\000e}{chapter.43}% 35
\BOOKMARK [0][-]{chapter.45}{\376\377\0008\000\040\000T\000e\000m\000p\000l\000a\000t\000e\000\040\000s\000t\000u\000f\000f}{}% 36
\BOOKMARK [1][-]{section.46}{\376\377\0008\000.\0001\000\040\000W\000e\000l\000c\000o\000m\000e\000\040\000a\000n\000d\000\040\000T\000h\000a\000n\000k\000\040\000Y\000o\000u}{chapter.45}% 37
\BOOKMARK [1][-]{section.47}{\376\377\0008\000.\0002\000\040\000L\000e\000a\000r\000n\000i\000n\000g\000\040\000L\000a\000T\000e\000X}{chapter.45}% 38
\BOOKMARK [2][-]{subsection.48}{\376\377\0008\000.\0002\000.\0001\000\040\000A\000\040\000\050\000n\000o\000t\000\040\000s\000o\000\040\000s\000h\000o\000r\000t\000\051\000\040\000I\000n\000t\000r\000o\000d\000u\000c\000t\000i\000o\000n\000\040\000t\000o\000\040\000L\000a\000T\000e\000X}{section.47}% 39
\BOOKMARK [2][-]{subsection.49}{\376\377\0008\000.\0002\000.\0002\000\040\000A\000\040\000S\000h\000o\000r\000t\000\040\000M\000a\000t\000h\000\040\000G\000u\000i\000d\000e\000\040\000f\000o\000r\000\040\000L\000a\000T\000e\000X}{section.47}% 40
\BOOKMARK [2][-]{subsection.50}{\376\377\0008\000.\0002\000.\0003\000\040\000C\000o\000m\000m\000o\000n\000\040\000L\000a\000T\000e\000X\000\040\000M\000a\000t\000h\000\040\000S\000y\000m\000b\000o\000l\000s}{section.47}% 41
\BOOKMARK [2][-]{subsection.51}{\376\377\0008\000.\0002\000.\0004\000\040\000L\000a\000T\000e\000X\000\040\000o\000n\000\040\000a\000\040\000M\000a\000c}{section.47}% 42
\BOOKMARK [1][-]{section.52}{\376\377\0008\000.\0003\000\040\000G\000e\000t\000t\000i\000n\000g\000\040\000S\000t\000a\000r\000t\000e\000d\000\040\000w\000i\000t\000h\000\040\000t\000h\000i\000s\000\040\000T\000e\000m\000p\000l\000a\000t\000e}{chapter.45}% 43
\BOOKMARK [2][-]{subsection.53}{\376\377\0008\000.\0003\000.\0001\000\040\000A\000b\000o\000u\000t\000\040\000t\000h\000i\000s\000\040\000T\000e\000m\000p\000l\000a\000t\000e}{section.52}% 44
\BOOKMARK [1][-]{section.54}{\376\377\0008\000.\0004\000\040\000W\000h\000a\000t\000\040\000t\000h\000i\000s\000\040\000T\000e\000m\000p\000l\000a\000t\000e\000\040\000I\000n\000c\000l\000u\000d\000e\000s}{chapter.45}% 45
\BOOKMARK [2][-]{subsection.55}{\376\377\0008\000.\0004\000.\0001\000\040\000F\000o\000l\000d\000e\000r\000s}{section.54}% 46
\BOOKMARK [2][-]{subsection.56}{\376\377\0008\000.\0004\000.\0002\000\040\000F\000i\000l\000e\000s}{section.54}% 47
\BOOKMARK [1][-]{section.57}{\376\377\0008\000.\0005\000\040\000F\000i\000l\000l\000i\000n\000g\000\040\000i\000n\000\040\000t\000h\000e\000\040\000`\000T\000h\000e\000s\000i\000s\000.\000c\000l\000s\000'\000\040\000F\000i\000l\000e}{chapter.45}% 48
\BOOKMARK [1][-]{section.58}{\376\377\0008\000.\0006\000\040\000T\000h\000e\000\040\000`\000T\000h\000e\000s\000i\000s\000.\000t\000e\000x\000'\000\040\000F\000i\000l\000e\000\040\000E\000x\000p\000l\000a\000i\000n\000e\000d}{chapter.45}% 49
\BOOKMARK [1][-]{section.59}{\376\377\0008\000.\0007\000\040\000T\000h\000e\000s\000i\000s\000\040\000F\000e\000a\000t\000u\000r\000e\000s\000\040\000a\000n\000d\000\040\000C\000o\000n\000v\000e\000n\000t\000i\000o\000n\000s}{chapter.45}% 50
\BOOKMARK [2][-]{subsection.60}{\376\377\0008\000.\0007\000.\0001\000\040\000P\000r\000i\000n\000t\000i\000n\000g\000\040\000F\000o\000r\000m\000a\000t}{section.59}% 51
\BOOKMARK [2][-]{subsection.61}{\376\377\0008\000.\0007\000.\0002\000\040\000U\000s\000i\000n\000g\000\040\000U\000S\000\040\000L\000e\000t\000t\000e\000r\000\040\000P\000a\000p\000e\000r}{section.59}% 52
\BOOKMARK [2][-]{subsection.62}{\376\377\0008\000.\0007\000.\0003\000\040\000R\000e\000f\000e\000r\000e\000n\000c\000e\000s}{section.59}% 53
\BOOKMARK [2][-]{subsection.64}{\376\377\0008\000.\0007\000.\0004\000\040\000F\000i\000g\000u\000r\000e\000s}{section.59}% 54
\BOOKMARK [2][-]{subsection.66}{\376\377\0008\000.\0007\000.\0005\000\040\000T\000y\000p\000e\000s\000e\000t\000t\000i\000n\000g\000\040\000m\000a\000t\000h\000e\000m\000a\000t\000i\000c\000s}{section.59}% 55
\BOOKMARK [1][-]{section.68}{\376\377\0008\000.\0008\000\040\000S\000e\000c\000t\000i\000o\000n\000i\000n\000g\000\040\000a\000n\000d\000\040\000S\000u\000b\000s\000e\000c\000t\000i\000o\000n\000i\000n\000g}{chapter.45}% 56
\BOOKMARK [1][-]{section.69}{\376\377\0008\000.\0009\000\040\000I\000n\000\040\000C\000l\000o\000s\000i\000n\000g}{chapter.45}% 57
\BOOKMARK [0][-]{chapter.70}{\376\377\0009\000\040\000P\000l\000a\000n\000n\000i\000n\000g}{}% 58
\BOOKMARK [1][-]{section.71}{\376\377\0009\000.\0001\000\040\000P\000l\000a\000n\000n\000i\000n\000g\000\040\000c\000o\000n\000c\000e\000p\000t}{chapter.70}% 59
\BOOKMARK [1][-]{section.72}{\376\377\0009\000.\0002\000\040\000M\000i\000l\000e\000s\000t\000o\000n\000e\000s\000\040\000o\000v\000e\000r\000v\000i\000e\000w}{chapter.70}% 60
\BOOKMARK [1][-]{section.73}{\376\377\0009\000.\0003\000\040\000D\000e\000l\000i\000v\000e\000r\000y\000\040\000o\000b\000j\000e\000c\000t\000s}{chapter.70}% 61
\BOOKMARK [1][-]{section.74}{\376\377\0009\000.\0004\000\040\000M\000i\000l\000e\000s\000t\000o\000n\000e\000\040\000o\000n\000e\000\040\000-\000\040\000m\0001}{chapter.70}% 62
\BOOKMARK [2][-]{subsection.75}{\376\377\0009\000.\0004\000.\0001\000\040\000S\000t\000o\000r\000i\000e\000s\000\040\000m\0001}{section.74}% 63
\BOOKMARK [1][-]{section.76}{\376\377\0009\000.\0005\000\040\000M\000i\000l\000e\000s\000t\000o\000n\000e\000\040\000t\000w\000o\000\040\000-\000\040\000m\0002}{chapter.70}% 64
\BOOKMARK [2][-]{subsection.77}{\376\377\0009\000.\0005\000.\0001\000\040\000S\000t\000o\000r\000i\000e\000s\000\040\000m\0002}{section.76}% 65
\BOOKMARK [1][-]{section.78}{\376\377\0009\000.\0006\000\040\000M\000i\000l\000e\000s\000t\000o\000n\000e\000\040\000t\000h\000r\000e\000e\000\040\000-\000\040\000m\0003}{chapter.70}% 66
\BOOKMARK [2][-]{subsection.79}{\376\377\0009\000.\0006\000.\0001\000\040\000S\000t\000o\000r\000i\000e\000s\000\040\000m\0003}{section.78}% 67
\BOOKMARK [1][-]{section.80}{\376\377\0009\000.\0007\000\040\000M\000i\000l\000e\000s\000t\000o\000n\000e\000\040\000f\000o\000u\000r\000\040\000-\000\040\000m\0004}{chapter.70}% 68
\BOOKMARK [2][-]{subsection.81}{\376\377\0009\000.\0007\000.\0001\000\040\000S\000t\000o\000r\000i\000e\000s\000\040\000m\0004}{section.80}% 69
\BOOKMARK [1][-]{section.82}{\376\377\0009\000.\0008\000\040\000M\000i\000l\000e\000s\000t\000o\000n\000e\000\040\000f\000i\000v\000e\000\040\000-\000\040\000m\0005}{chapter.70}% 70
\BOOKMARK [2][-]{subsection.83}{\376\377\0009\000.\0008\000.\0001\000\040\000S\000t\000o\000r\000i\000e\000s\000\040\000m\0005}{section.82}% 71
\BOOKMARK [0][-]{appendix.84}{\376\377\000A\000\040\000A\000p\000p\000e\000n\000d\000i\000x\000\040\000T\000i\000t\000l\000e\000\040\000H\000e\000r\000e}{}% 72
