\BOOKMARK [0][-]{chapter.1}{\376\377\0001\000\040\000S\000o\000f\000t\000w\000a\000r\000e\000\040\000A\000r\000c\000h\000i\000t\000e\000c\000t\000u\000r\000e}{}% 1
\BOOKMARK [1][-]{section.2}{\376\377\0001\000.\0001\000\040\000V\000e\000r\000s\000i\000o\000n}{chapter.1}% 2
\BOOKMARK [1][-]{section.3}{\376\377\0001\000.\0002\000\040\000I\000n\000t\000r\000o\000d\000u\000c\000t\000i\000o\000n}{chapter.1}% 3
\BOOKMARK [1][-]{section.4}{\376\377\0001\000.\0003\000\040\000L\000o\000g\000i\000c\000a\000l\000\040\000v\000i\000e\000w}{chapter.1}% 4
\BOOKMARK [2][-]{subsection.5}{\376\377\0001\000.\0003\000.\0001\000\040\000A\000p\000p\000r\000o\000a\000c\000h}{section.4}% 5
\BOOKMARK [1][-]{section.6}{\376\377\0001\000.\0004\000\040\000D\000a\000t\000a\000\040\000m\000o\000d\000e\000l}{chapter.1}% 6
\BOOKMARK [2][-]{subsection.7}{\376\377\0001\000.\0004\000.\0001\000\040\000T\000e\000s\000t\000C\000a\000s\000e}{section.6}% 7
\BOOKMARK [2][-]{subsection.8}{\376\377\0001\000.\0004\000.\0002\000\040\000H\000t\000m\000l\000F\000i\000l\000e}{section.6}% 8
\BOOKMARK [2][-]{subsection.9}{\376\377\0001\000.\0004\000.\0003\000\040\000C\000o\000n\000t\000e\000n\000t\000F\000i\000l\000e}{section.6}% 9
\BOOKMARK [2][-]{subsection.10}{\376\377\0001\000.\0004\000.\0004\000\040\000E\000x\000c\000t\000r\000a\000c\000t\000e\000d\000C\000o\000n\000t\000e\000n\000t}{section.6}% 10
\BOOKMARK [2][-]{subsection.11}{\376\377\0001\000.\0004\000.\0005\000\040\000R\000e\000s\000u\000l\000t}{section.6}% 11
\BOOKMARK [1][-]{section.12}{\376\377\0001\000.\0005\000\040\000B\000u\000s\000i\000n\000e\000s\000s\000\040\000L\000o\000g\000i\000c}{chapter.1}% 12
\BOOKMARK [2][-]{subsection.13}{\376\377\0001\000.\0005\000.\0001\000\040\000D\000e\000s\000c\000r\000i\000p\000t\000i\000o\000n\000\040\000o\000f\000\040\000s\000i\000n\000g\000l\000e\000\040\000c\000l\000a\000s\000s\000e\000s}{section.12}% 13
\BOOKMARK [1][-]{section.15}{\376\377\0001\000.\0006\000\040\000D\000e\000v\000e\000l\000o\000p\000m\000e\000n\000t\000\040\000v\000i\000e\000w}{chapter.1}% 14
\BOOKMARK [2][-]{subsection.16}{\376\377\0001\000.\0006\000.\0001\000\040\000g\000i\000t}{section.15}% 15
\BOOKMARK [2][-]{subsection.17}{\376\377\0001\000.\0006\000.\0002\000\040\000G\000r\000a\000d\000l\000e}{section.15}% 16
\BOOKMARK [2][-]{subsection.18}{\376\377\0001\000.\0006\000.\0003\000\040\000T\000r\000a\000v\000i\000c\000\040\000C\000I}{section.15}% 17
\BOOKMARK [2][-]{subsection.19}{\376\377\0001\000.\0006\000.\0004\000\040\000J\000u\000s\000t\000e\000x\000t}{section.15}% 18
\BOOKMARK [2][-]{subsection.22}{\376\377\0001\000.\0006\000.\0005\000\040\000B\000o\000i\000l\000e\000r\000p\000i\000p\000e}{section.15}% 19
\BOOKMARK [1][-]{section.23}{\376\377\0001\000.\0007\000\040\000P\000r\000o\000c\000e\000s\000s\000\040\000v\000i\000e\000w}{chapter.1}% 20
\BOOKMARK [1][-]{section.24}{\376\377\0001\000.\0008\000\040\000P\000h\000y\000s\000i\000c\000a\000l\000\040\000v\000i\000e\000w}{chapter.1}% 21
