\BOOKMARK [0][-]{chapter.1}{\376\377\0001\000\040\000S\000o\000f\000t\000w\000a\000r\000e\000\040\000r\000e\000q\000u\000i\000r\000e\000m\000e\000n\000t\000\040\000s\000p\000e\000c\000i\000f\000i\000c\000a\000t\000i\000o\000n}{}% 1
\BOOKMARK [0][-]{section*.2}{\376\377\000A\000p\000p\000e\000n\000d\000i\000c\000e\000s}{}% 2
\BOOKMARK [1][-]{section.3}{\376\377\000.\0001\000\040\000V\000e\000r\000s\000i\000o\000n}{section*.2}% 3
\BOOKMARK [1][-]{section.4}{\376\377\000.\0002\000\040\000I\000n\000t\000r\000o\000d\000u\000c\000t\000i\000o\000n}{section*.2}% 4
\BOOKMARK [2][-]{subsection.5}{\376\377\000.\0002\000.\0001\000\040\000P\000u\000r\000p\000o\000s\000e}{section.4}% 5
\BOOKMARK [2][-]{subsection.6}{\376\377\000.\0002\000.\0002\000\040\000S\000c\000o\000p\000e}{section.4}% 6
\BOOKMARK [1][-]{section.7}{\376\377\000.\0003\000\040\000G\000e\000n\000e\000r\000a\000l\000\040\000d\000e\000s\000c\000r\000i\000p\000t\000i\000o\000n}{section*.2}% 7
\BOOKMARK [2][-]{subsection.8}{\376\377\000.\0003\000.\0001\000\040\000O\000p\000e\000r\000a\000t\000i\000n\000g\000\040\000E\000n\000v\000i\000r\000o\000n\000m\000e\000n\000t}{section.7}% 8
\BOOKMARK [3][-]{subsubsection.9}{\376\377\000.\0003\000.\0001\000.\0001\000\040\000L\000o\000c\000a\000l\000\040\000e\000n\000v\000i\000r\000o\000n\000m\000e\000n\000t}{subsection.8}% 9
\BOOKMARK [3][-]{subsubsection.10}{\376\377\000.\0003\000.\0001\000.\0002\000\040\000C\000o\000n\000t\000i\000n\000u\000o\000u\000s\000\040\000I\000n\000t\000e\000g\000r\000a\000t\000i\000o\000n\000\040\000E\000n\000v\000i\000r\000o\000n\000m\000e\000n\000t}{subsection.8}% 10
\BOOKMARK [2][-]{subsection.11}{\376\377\000.\0003\000.\0002\000\040\000D\000e\000s\000i\000g\000n\000\040\000a\000n\000d\000\040\000I\000m\000p\000l\000e\000m\000e\000n\000t\000a\000t\000i\000o\000n\000\040\000C\000o\000n\000s\000t\000r\000a\000i\000n\000t\000s}{section.7}% 11
\BOOKMARK [3][-]{subsubsection.12}{\376\377\000.\0003\000.\0002\000.\0001\000\040\000U\000s\000e\000r\000\040\000i\000n\000t\000e\000r\000f\000a\000c\000e}{subsection.11}% 12
\BOOKMARK [1][-]{section.13}{\376\377\000.\0004\000\040\000S\000y\000s\000t\000e\000m\000\040\000F\000e\000a\000t\000u\000r\000e\000s}{section*.2}% 13
\BOOKMARK [2][-]{subsection.14}{\376\377\000.\0004\000.\0001\000\040\000B\000a\000s\000i\000c\000\040\000f\000u\000n\000c\000t\000i\000o\000n\000a\000l\000i\000t\000y}{section.13}% 14
\BOOKMARK [2][-]{subsection.15}{\376\377\000.\0004\000.\0002\000\040\000O\000v\000e\000r\000v\000i\000e\000w}{section.13}% 15
\BOOKMARK [3][-]{subsubsection.16}{\376\377\000.\0004\000.\0002\000.\0001\000\040\000R\000e\000a\000d\000\040\000c\000o\000n\000f\000i\000g\000u\000r\000a\000t\000i\000o\000n}{subsection.15}% 16
\BOOKMARK [3][-]{subsubsection.21}{\376\377\000.\0004\000.\0002\000.\0002\000\040\000C\000r\000e\000a\000t\000e\000\040\000t\000e\000s\000t}{subsection.15}% 17
\BOOKMARK [3][-]{subsubsection.22}{\376\377\000.\0004\000.\0002\000.\0003\000\040\000I\000n\000t\000e\000g\000r\000a\000t\000i\000o\000n\000\040\000J\000u\000s\000t\000e\000x\000t\000\040\000a\000l\000g\000o\000r\000i\000t\000h\000m}{subsection.15}% 18
\BOOKMARK [3][-]{subsubsection.23}{\376\377\000.\0004\000.\0002\000.\0004\000\040\000I\000n\000t\000e\000g\000r\000a\000t\000i\000o\000n\000\040\000B\000o\000i\000l\000e\000r\000p\000i\000p\000e\000\040\000a\000l\000g\000o\000r\000i\000t\000h\000m}{subsection.15}% 19
\BOOKMARK [3][-]{subsubsection.24}{\376\377\000.\0004\000.\0002\000.\0005\000\040\000E\000v\000a\000l\000u\000a\000t\000i\000o\000n\000\040\000a\000n\000d\000\040\000I\000m\000p\000l\000e\000m\000e\000n\000t\000a\000t\000i\000o\000n\000\040\000R\000S\000S\000\040\000f\000e\000e\000d\000\040\000a\000l\000g\000o\000r\000i\000t\000h\000m}{subsection.15}% 20
\BOOKMARK [3][-]{subsubsection.25}{\376\377\000.\0004\000.\0002\000.\0006\000\040\000E\000v\000a\000l\000u\000a\000t\000i\000o\000n\000\040\000o\000f\000\040\000c\000l\000a\000s\000s\000i\000f\000i\000c\000a\000t\000i\000o\000n\000\040\000t\000e\000x\000t}{subsection.15}% 21
\BOOKMARK [3][-]{subsubsection.26}{\376\377\000.\0004\000.\0002\000.\0007\000\040\000E\000v\000a\000l\000u\000a\000t\000i\000o\000n\000\040\000o\000f\000\040\000c\000l\000a\000s\000s\000i\000f\000i\000c\000a\000t\000i\000o\000n\000\040\000b\000l\000o\000c\000k\000s}{subsection.15}% 22
\BOOKMARK [2][-]{subsection.27}{\376\377\000.\0004\000.\0003\000\040\000A\000n\000a\000l\000y\000z\000e\000\040\000d\000a\000t\000a}{section.13}% 23
\BOOKMARK [2][-]{subsection.28}{\376\377\000.\0004\000.\0004\000\040\000E\000v\000a\000l\000u\000a\000t\000i\000o\000n\000\040\000o\000f\000\040\000c\000l\000a\000s\000s\000i\000f\000i\000c\000a\000t\000i\000o\000n}{section.13}% 24
\BOOKMARK [2][-]{subsection.32}{\376\377\000.\0004\000.\0005\000\040\000A\000n\000a\000l\000y\000t\000i\000c\000a\000l\000\040\000v\000a\000l\000u\000e\000s}{section.13}% 25
\BOOKMARK [1][-]{section.37}{\376\377\000.\0005\000\040\000E\000x\000t\000e\000r\000n\000a\000l\000\040\000I\000n\000t\000e\000r\000f\000a\000c\000e\000\040\000R\000e\000q\000u\000i\000r\000e\000m\000e\000n\000t\000s}{section*.2}% 26
\BOOKMARK [2][-]{subsection.38}{\376\377\000.\0005\000.\0001\000\040\000B\000o\000i\000l\000e\000r\000p\000i\000p\000e}{section.37}% 27
\BOOKMARK [2][-]{subsection.39}{\376\377\000.\0005\000.\0002\000\040\000j\000u\000s\000t\000e\000x\000t}{section.37}% 28
\BOOKMARK [0][-]{chapter.40}{\376\377\0002\000\040\000R\000i\000s\000k\000\040\000a\000n\000a\000l\000y\000s\000i\000s}{}% 29
\BOOKMARK [1][-]{section.41}{\376\377\0002\000.\0001\000\040\000I\000n\000t\000r\000o\000d\000u\000c\000t\000i\000o\000n}{chapter.40}% 30
\BOOKMARK [2][-]{subsection.42}{\376\377\0002\000.\0001\000.\0001\000\040\000P\000u\000r\000p\000o\000s\000e}{section.41}% 31
\BOOKMARK [1][-]{section.43}{\376\377\0002\000.\0002\000\040\000R\000i\000s\000k\000\040\000e\000v\000a\000l\000u\000a\000t\000i\000o\000n}{chapter.40}% 32
\BOOKMARK [2][-]{subsection.44}{\376\377\0002\000.\0002\000.\0001\000\040\000U\000n\000c\000l\000e\000a\000r\000\040\000r\000e\000q\000u\000i\000r\000e\000m\000e\000n\000t\000s}{section.43}% 33
\BOOKMARK [2][-]{subsection.45}{\376\377\0002\000.\0002\000.\0002\000\040\000N\000e\000w\000\040\000t\000e\000c\000h\000n\000o\000l\000o\000g\000i\000e\000s}{section.43}% 34
\BOOKMARK [2][-]{subsection.46}{\376\377\0002\000.\0002\000.\0003\000\040\000I\000n\000t\000e\000g\000r\000a\000t\000i\000o\000n\000\040\000B\000o\000i\000l\000e\000r\000p\000i\000p\000e}{section.43}% 35
\BOOKMARK [2][-]{subsection.47}{\376\377\0002\000.\0002\000.\0004\000\040\000I\000n\000t\000e\000g\000r\000a\000t\000i\000o\000n\000\040\000J\000u\000s\000t\000e\000x\000t}{section.43}% 36
\BOOKMARK [2][-]{subsection.48}{\376\377\0002\000.\0002\000.\0005\000\040\000I\000m\000p\000l\000e\000m\000e\000n\000t\000a\000t\000i\000o\000n\000\040\000R\000S\000S\000\040\000a\000l\000g\000o\000r\000i\000t\000h\000m}{section.43}% 37
\BOOKMARK [1][-]{section.49}{\376\377\0002\000.\0003\000\040\000A\000s\000s\000e\000s\000s\000m\000e\000n\000t\000\040\000o\000f\000\040\000r\000i\000s\000k\000s}{chapter.40}% 38
\BOOKMARK [1][-]{section.51}{\376\377\0002\000.\0004\000\040\000C\000o\000n\000s\000e\000q\000u\000e\000n\000c\000e\000s}{chapter.40}% 39
\BOOKMARK [2][-]{subsection.52}{\376\377\0002\000.\0004\000.\0001\000\040\000U\000n\000c\000l\000e\000a\000r\000\040\000r\000e\000q\000u\000i\000r\000e\000m\000e\000n\000t\000s}{section.51}% 40
\BOOKMARK [2][-]{subsection.53}{\376\377\0002\000.\0004\000.\0002\000\040\000N\000e\000w\000\040\000t\000e\000c\000h\000n\000o\000l\000o\000g\000i\000e\000s}{section.51}% 41
\BOOKMARK [2][-]{subsection.54}{\376\377\0002\000.\0004\000.\0003\000\040\000I\000n\000t\000e\000g\000r\000a\000t\000i\000o\000n\000\040\000B\000o\000i\000l\000e\000r\000p\000i\000p\000e}{section.51}% 42
\BOOKMARK [2][-]{subsection.55}{\376\377\0002\000.\0004\000.\0004\000\040\000I\000n\000t\000e\000g\000r\000a\000t\000i\000o\000n\000\040\000J\000u\000s\000t\000e\000x\000t}{section.51}% 43
\BOOKMARK [2][-]{subsection.56}{\376\377\0002\000.\0004\000.\0005\000\040\000I\000m\000p\000l\000e\000m\000e\000n\000t\000a\000t\000i\000o\000n\000\040\000R\000S\000S\000\040\000a\000l\000g\000o\000r\000i\000t\000h\000m}{section.51}% 44
